**********************
Windows PowerShell transcript start
Start time: 20250228130532
Username: LAPTOP-1IRAO6G9\desir
RunAs User: LAPTOP-1IRAO6G9\desir
Configuration Name: 
Machine: LAPTOP-1IRAO6G9 (Microsoft Windows NT 10.0.19045.0)
Host Application: C:\WINDOWS\System32\WindowsPowerShell\v1.0\powershell.exe -NoProfile -ExecutionPolicy Bypass -File E:\TECHSTICK\POWERSHELL\WUA.ps1
Process ID: 12632
PSVersion: 5.1.19041.5486
PSEdition: Desktop
PSCompatibleVersions: 1.0, 2.0, 3.0, 4.0, 5.0, 5.1.19041.5486
BuildVersion: 10.0.19041.5486
CLRVersion: 4.0.30319.42000
WSManStackVersion: 3.0
PSRemotingProtocolVersion: 2.3
SerializationVersion: 1.1.0.1
**********************
Transcript started, output file is E:\TECHSTICK\POWERSHELL\WinUpdate\WUA_20250228_130532.log
Start logboek registratie...
Windows Update Analyse wordt gestart...
Lokale wsusscn2.cab is up-to-date.
=== FASE: INITIALISATIE ===
Update sessie wordt gestart...
=== FASE: ZOEKEN NAAR UPDATES ===
Zoeken naar updates...
Zoekcriteria: IsInstalled=0
Zoeken naar updates... Dit kan enkele minuten duren.

Search completed in 862 seconds.
Geen beschikbare updates gevonden.

Script succesvol voltooid!
**********************
Windows PowerShell transcript end
End time: 20250228132323
**********************
